<testsuites>
	<testsuite id="1" tests="2" failures="0" package="C:\Users\onimalarathna\IdeaProjects\MaxSoft-GReporter-Demo\specs\Example Vowels1.spec" time="0.001" timestamp="2019-05-16T21:51:38" name="Example Vowels1 Specification" errors="0" hostname="CV000179">
		<properties></properties>
		<testcase classname="Example Vowels1 Specification" name="Vowel counts in single word" time="0.001"></testcase>
		<testcase classname="Example Vowels1 Specification" name="Vowel counts in multiple word" time="0.000"></testcase>
		<system-out></system-out>
		<system-err></system-err>
	</testsuite>
	<testsuite id="2" tests="2" failures="1" package="C:\Users\onimalarathna\IdeaProjects\MaxSoft-GReporter-Demo\specs\Example Vowels2.spec" time="0.001" timestamp="2019-05-16T21:51:38" name="Example Vowels2 Specification" errors="0" hostname="CV000179">
		<properties></properties>
		<testcase classname="Example Vowels2 Specification" name="Vowel counts in single word" time="0.001">
			<failure message="The word &#34;gauge&#34; has &#34;2&#34; vowels.&#xA;Step Execution Failure: &#39;java.lang.AssertionError: expected [2] but found [3]&#39;" type="The word &#34;gauge&#34; has &#34;2&#34; vowels.&#xA;Step Execution Failure: &#39;java.lang.AssertionError: expected [2] but found [3]&#39;">org.testng.Assert.fail(Assert.java:94)&#xA;org.testng.Assert.failNotEquals(Assert.java:494)&#xA;org.testng.Assert.assertEquals(Assert.java:123)&#xA;org.testng.Assert.assertEquals(Assert.java:370)&#xA;org.testng.Assert.assertEquals(Assert.java:380)&#xA;stepdefinitions.StepImplementation.verifyVowelsCountInWord(StepImplementation.java:25)&#xA;</failure>
		</testcase>
		<testcase classname="Example Vowels2 Specification" name="Vowel counts in multiple word" time="0.000"></testcase>
		<system-out></system-out>
		<system-err></system-err>
	</testsuite>
</testsuites>